<?xml version="1.0" encoding="UTF-8"?>
<testng-results ignored="0" total="1" passed="1" failed="0" skipped="0">
  <reporter-output>
  </reporter-output>
  <suite started-at="2023-11-08T15:44:18 EST" name="Default suite" finished-at="2023-11-08T15:44:20 EST" duration-ms="2262">
    <groups>
    </groups>
    <test started-at="2023-11-08T15:44:18 EST" name="Default test" finished-at="2023-11-08T15:44:20 EST" duration-ms="2262">
      <class name="API.DemoAPI">
        <test-method signature="DemoUKYAPI()[pri:0, instance:API.DemoAPI@49049a04]" started-at="2023-11-08T15:44:18 EST" name="DemoUKYAPI" finished-at="2023-11-08T15:44:20 EST" duration-ms="2219" status="PASS">
          <reporter-output>
          </reporter-output>
        </test-method> <!-- DemoUKYAPI -->
      </class> <!-- API.DemoAPI -->
    </test> <!-- Default test -->
  </suite> <!-- Default suite -->
</testng-results>
